append_cflags: checking for whether -fstack-protector-strong -D_FORTIFY_SOURCE=2 is accepted as CFLAGS... -------------------- yes

PATH=".;C:/Ruby33-x64/lib;C:\Ruby33-x64\bin;C:\Ruby33-x64\msys64\ucrt64\bin;C:\Ruby33-x64\msys64\usr\bin;C:\Ruby33-x64\bin;C:\Program Files (x86)\Embarcadero\Studio\23.0\bin;C:\Users\Public\Documents\Embarcadero\Studio\23.0\Bpl;C:\Program Files (x86)\Embarcadero\Studio\23.0\bin64;C:\Users\Public\Documents\Embarcadero\Studio\23.0\Bpl\Win64;C:\Windows\system32;C:\Windows;C:\Windows\System32\Wbem;C:\Windows\System32\WindowsPowerShell\v1.0\;C:\Windows\System32\OpenSSH\;C:\Program Files\Microsoft VS Code\bin;C:\Program Files\Git\cmd;C:\Program Files\nodejs\;C:\Program Files\Microsoft SQL Server\150\Tools\Binn\;C:\Program Files (x86)\Windows Kits\10\Windows Performance Toolkit\;C:\Users\warfa\AppData\Local\Packages\PythonSoftwareFoundation.Python.3.9_qbz5n2kfra8p0\LocalCache\local-packages\Python39\Scripts;C:\Program Files\Docker\Docker\resources\bin;C:\Program Files\CMake\bin;C:\Program Files\PostgreSQL\17\bin;C:\Tools\microsoft-vcpkg-b322364;C:\Program Files\MySQL\MySQL Shell 8.0\bin\;C:\Users\warfa\AppData\Local\Programs\Python\Python310\Scripts\;C:\Users\warfa\AppData\Local\Programs\Python\Python310\;C:\Users\warfa\AppData\Local\Programs\Python\Python312\Scripts\;C:\Users\warfa\AppData\Local\Programs\Python\Python312\;C:\Users\warfa\AppData\Local\Microsoft\WindowsApps;C:\Users\warfa\AppData\Roaming\npm;C:\Users\warfa\AppData\Local\Microsoft\WinGet\Packages\miurahr.aqtinstall_Microsoft.Winget.Source_8wekyb3d8bbwe" "gcc -o conftest.exe -IC:/Ruby33-x64/include/ruby-3.3.0/x64-mingw-ucrt -IC:/Ruby33-x64/include/ruby-3.3.0/ruby/backward -IC:/Ruby33-x64/include/ruby-3.3.0 -I.  -DFD_SETSIZE=2048 -D_WIN32_WINNT=0x0600 -D__MINGW_USE_VC2005_COMPAT -D_FILE_OFFSET_BITS=64  -O3 -fno-fast-math -fstack-protector-strong conftest.c  -L. -LC:/Ruby33-x64/lib -L. -pipe -s -fstack-protector-strong -Wl,--no-as-needed     -lx64-ucrt-ruby330  -lshell32 -lws2_32 -liphlpapi -limagehlp -lshlwapi -lbcrypt  "
checked program was:
/* begin */
1: #include "ruby.h"
2: 
3: #include <winsock2.h>
4: #include <windows.h>
5: int main(int argc, char **argv)
6: {
7:   return !!argv[argc];
8: }
/* end */

PATH=".;C:/Ruby33-x64/lib;C:\Ruby33-x64\bin;C:\Ruby33-x64\msys64\ucrt64\bin;C:\Ruby33-x64\msys64\usr\bin;C:\Ruby33-x64\bin;C:\Program Files (x86)\Embarcadero\Studio\23.0\bin;C:\Users\Public\Documents\Embarcadero\Studio\23.0\Bpl;C:\Program Files (x86)\Embarcadero\Studio\23.0\bin64;C:\Users\Public\Documents\Embarcadero\Studio\23.0\Bpl\Win64;C:\Windows\system32;C:\Windows;C:\Windows\System32\Wbem;C:\Windows\System32\WindowsPowerShell\v1.0\;C:\Windows\System32\OpenSSH\;C:\Program Files\Microsoft VS Code\bin;C:\Program Files\Git\cmd;C:\Program Files\nodejs\;C:\Program Files\Microsoft SQL Server\150\Tools\Binn\;C:\Program Files (x86)\Windows Kits\10\Windows Performance Toolkit\;C:\Users\warfa\AppData\Local\Packages\PythonSoftwareFoundation.Python.3.9_qbz5n2kfra8p0\LocalCache\local-packages\Python39\Scripts;C:\Program Files\Docker\Docker\resources\bin;C:\Program Files\CMake\bin;C:\Program Files\PostgreSQL\17\bin;C:\Tools\microsoft-vcpkg-b322364;C:\Program Files\MySQL\MySQL Shell 8.0\bin\;C:\Users\warfa\AppData\Local\Programs\Python\Python310\Scripts\;C:\Users\warfa\AppData\Local\Programs\Python\Python310\;C:\Users\warfa\AppData\Local\Programs\Python\Python312\Scripts\;C:\Users\warfa\AppData\Local\Programs\Python\Python312\;C:\Users\warfa\AppData\Local\Microsoft\WindowsApps;C:\Users\warfa\AppData\Roaming\npm;C:\Users\warfa\AppData\Local\Microsoft\WinGet\Packages\miurahr.aqtinstall_Microsoft.Winget.Source_8wekyb3d8bbwe" "gcc -IC:/Ruby33-x64/include/ruby-3.3.0/x64-mingw-ucrt -IC:/Ruby33-x64/include/ruby-3.3.0/ruby/backward -IC:/Ruby33-x64/include/ruby-3.3.0 -I.  -DFD_SETSIZE=2048 -D_WIN32_WINNT=0x0600 -D__MINGW_USE_VC2005_COMPAT -D_FILE_OFFSET_BITS=64  -O3 -fno-fast-math -fstack-protector-strong  -fstack-protector-strong -D_FORTIFY_SOURCE=2 -Werror -c conftest.c"
checked program was:
/* begin */
1: #include "ruby.h"
2: 
3: #include <winsock2.h>
4: #include <windows.h>
5: int main(int argc, char **argv)
6: {
7:   return !!argv[argc];
8: }
/* end */

--------------------

append_ldflags: checking for whether -fstack-protector-strong -l:libssp.a is accepted as LDFLAGS... -------------------- yes

PATH=".;C:/Ruby33-x64/lib;C:\Ruby33-x64\bin;C:\Ruby33-x64\msys64\ucrt64\bin;C:\Ruby33-x64\msys64\usr\bin;C:\Ruby33-x64\bin;C:\Program Files (x86)\Embarcadero\Studio\23.0\bin;C:\Users\Public\Documents\Embarcadero\Studio\23.0\Bpl;C:\Program Files (x86)\Embarcadero\Studio\23.0\bin64;C:\Users\Public\Documents\Embarcadero\Studio\23.0\Bpl\Win64;C:\Windows\system32;C:\Windows;C:\Windows\System32\Wbem;C:\Windows\System32\WindowsPowerShell\v1.0\;C:\Windows\System32\OpenSSH\;C:\Program Files\Microsoft VS Code\bin;C:\Program Files\Git\cmd;C:\Program Files\nodejs\;C:\Program Files\Microsoft SQL Server\150\Tools\Binn\;C:\Program Files (x86)\Windows Kits\10\Windows Performance Toolkit\;C:\Users\warfa\AppData\Local\Packages\PythonSoftwareFoundation.Python.3.9_qbz5n2kfra8p0\LocalCache\local-packages\Python39\Scripts;C:\Program Files\Docker\Docker\resources\bin;C:\Program Files\CMake\bin;C:\Program Files\PostgreSQL\17\bin;C:\Tools\microsoft-vcpkg-b322364;C:\Program Files\MySQL\MySQL Shell 8.0\bin\;C:\Users\warfa\AppData\Local\Programs\Python\Python310\Scripts\;C:\Users\warfa\AppData\Local\Programs\Python\Python310\;C:\Users\warfa\AppData\Local\Programs\Python\Python312\Scripts\;C:\Users\warfa\AppData\Local\Programs\Python\Python312\;C:\Users\warfa\AppData\Local\Microsoft\WindowsApps;C:\Users\warfa\AppData\Roaming\npm;C:\Users\warfa\AppData\Local\Microsoft\WinGet\Packages\miurahr.aqtinstall_Microsoft.Winget.Source_8wekyb3d8bbwe" "gcc -o conftest.exe -IC:/Ruby33-x64/include/ruby-3.3.0/x64-mingw-ucrt -IC:/Ruby33-x64/include/ruby-3.3.0/ruby/backward -IC:/Ruby33-x64/include/ruby-3.3.0 -I.  -DFD_SETSIZE=2048 -D_WIN32_WINNT=0x0600 -D__MINGW_USE_VC2005_COMPAT -D_FILE_OFFSET_BITS=64  -O3 -fno-fast-math -fstack-protector-strong -fstack-protector-strong -D_FORTIFY_SOURCE=2 conftest.c  -L. -LC:/Ruby33-x64/lib -L. -pipe -s -fstack-protector-strong -Wl,--no-as-needed     -lx64-ucrt-ruby330 -fstack-protector-strong -l:libssp.a -lshell32 -lws2_32 -liphlpapi -limagehlp -lshlwapi -lbcrypt  "
checked program was:
/* begin */
1: #include "ruby.h"
2: 
3: #include <winsock2.h>
4: #include <windows.h>
5: int main(int argc, char **argv)
6: {
7:   return !!argv[argc];
8: }
/* end */

--------------------

have_library: checking for -lssp... -------------------- yes

PATH=".;C:/Ruby33-x64/lib;C:\Ruby33-x64\bin;C:\Ruby33-x64\msys64\ucrt64\bin;C:\Ruby33-x64\msys64\usr\bin;C:\Ruby33-x64\bin;C:\Program Files (x86)\Embarcadero\Studio\23.0\bin;C:\Users\Public\Documents\Embarcadero\Studio\23.0\Bpl;C:\Program Files (x86)\Embarcadero\Studio\23.0\bin64;C:\Users\Public\Documents\Embarcadero\Studio\23.0\Bpl\Win64;C:\Windows\system32;C:\Windows;C:\Windows\System32\Wbem;C:\Windows\System32\WindowsPowerShell\v1.0\;C:\Windows\System32\OpenSSH\;C:\Program Files\Microsoft VS Code\bin;C:\Program Files\Git\cmd;C:\Program Files\nodejs\;C:\Program Files\Microsoft SQL Server\150\Tools\Binn\;C:\Program Files (x86)\Windows Kits\10\Windows Performance Toolkit\;C:\Users\warfa\AppData\Local\Packages\PythonSoftwareFoundation.Python.3.9_qbz5n2kfra8p0\LocalCache\local-packages\Python39\Scripts;C:\Program Files\Docker\Docker\resources\bin;C:\Program Files\CMake\bin;C:\Program Files\PostgreSQL\17\bin;C:\Tools\microsoft-vcpkg-b322364;C:\Program Files\MySQL\MySQL Shell 8.0\bin\;C:\Users\warfa\AppData\Local\Programs\Python\Python310\Scripts\;C:\Users\warfa\AppData\Local\Programs\Python\Python310\;C:\Users\warfa\AppData\Local\Programs\Python\Python312\Scripts\;C:\Users\warfa\AppData\Local\Programs\Python\Python312\;C:\Users\warfa\AppData\Local\Microsoft\WindowsApps;C:\Users\warfa\AppData\Roaming\npm;C:\Users\warfa\AppData\Local\Microsoft\WinGet\Packages\miurahr.aqtinstall_Microsoft.Winget.Source_8wekyb3d8bbwe" "gcc -o conftest.exe -IC:/Ruby33-x64/include/ruby-3.3.0/x64-mingw-ucrt -IC:/Ruby33-x64/include/ruby-3.3.0/ruby/backward -IC:/Ruby33-x64/include/ruby-3.3.0 -I.  -DFD_SETSIZE=2048 -D_WIN32_WINNT=0x0600 -D__MINGW_USE_VC2005_COMPAT -D_FILE_OFFSET_BITS=64  -O3 -fno-fast-math -fstack-protector-strong -fstack-protector-strong -D_FORTIFY_SOURCE=2 conftest.c  -L. -LC:/Ruby33-x64/lib -L. -pipe -s -fstack-protector-strong -Wl,--no-as-needed -fstack-protector-strong -l:libssp.a     -lx64-ucrt-ruby330 -lssp  -lshell32 -lws2_32 -liphlpapi -limagehlp -lshlwapi -lbcrypt  "
checked program was:
/* begin */
 1: #include "ruby.h"
 2: 
 3: #include <winsock2.h>
 4: #include <windows.h>
 5: 
 6: /*top*/
 7: extern int t(void);
 8: int main(int argc, char **argv)
 9: {
10:   if (argc > 1000000) {
11:     int (* volatile tp)(void)=(int (*)(void))&t;
12:     printf("%d", (*tp)());
13:   }
14: 
15:   return !!argv[argc];
16: }
17: 
18: int t(void) { ; return 0; }
/* end */

--------------------

pkg_config: checking for pkg-config for openssl... -------------------- not found

PATH=".;C:/Ruby33-x64/lib;C:\Ruby33-x64\bin;C:\Ruby33-x64\msys64\ucrt64\bin;C:\Ruby33-x64\msys64\usr\bin;C:\Ruby33-x64\bin;C:\Program Files (x86)\Embarcadero\Studio\23.0\bin;C:\Users\Public\Documents\Embarcadero\Studio\23.0\Bpl;C:\Program Files (x86)\Embarcadero\Studio\23.0\bin64;C:\Users\Public\Documents\Embarcadero\Studio\23.0\Bpl\Win64;C:\Windows\system32;C:\Windows;C:\Windows\System32\Wbem;C:\Windows\System32\WindowsPowerShell\v1.0\;C:\Windows\System32\OpenSSH\;C:\Program Files\Microsoft VS Code\bin;C:\Program Files\Git\cmd;C:\Program Files\nodejs\;C:\Program Files\Microsoft SQL Server\150\Tools\Binn\;C:\Program Files (x86)\Windows Kits\10\Windows Performance Toolkit\;C:\Users\warfa\AppData\Local\Packages\PythonSoftwareFoundation.Python.3.9_qbz5n2kfra8p0\LocalCache\local-packages\Python39\Scripts;C:\Program Files\Docker\Docker\resources\bin;C:\Program Files\CMake\bin;C:\Program Files\PostgreSQL\17\bin;C:\Tools\microsoft-vcpkg-b322364;C:\Program Files\MySQL\MySQL Shell 8.0\bin\;C:\Users\warfa\AppData\Local\Programs\Python\Python310\Scripts\;C:\Users\warfa\AppData\Local\Programs\Python\Python310\;C:\Users\warfa\AppData\Local\Programs\Python\Python312\Scripts\;C:\Users\warfa\AppData\Local\Programs\Python\Python312\;C:\Users\warfa\AppData\Local\Microsoft\WindowsApps;C:\Users\warfa\AppData\Roaming\npm;C:\Users\warfa\AppData\Local\Microsoft\WinGet\Packages\miurahr.aqtinstall_Microsoft.Winget.Source_8wekyb3d8bbwe" x86_64-w64-mingw32-pkg-config --exists openssl
package configuration for openssl is not found
--------------------

have_library: checking for BIO_read() in -llibcrypto... -------------------- no

PATH=".;C:/Ruby33-x64/lib;C:\Ruby33-x64\bin;C:\Ruby33-x64\msys64\ucrt64\bin;C:\Ruby33-x64\msys64\usr\bin;C:\Ruby33-x64\bin;C:\Program Files (x86)\Embarcadero\Studio\23.0\bin;C:\Users\Public\Documents\Embarcadero\Studio\23.0\Bpl;C:\Program Files (x86)\Embarcadero\Studio\23.0\bin64;C:\Users\Public\Documents\Embarcadero\Studio\23.0\Bpl\Win64;C:\Windows\system32;C:\Windows;C:\Windows\System32\Wbem;C:\Windows\System32\WindowsPowerShell\v1.0\;C:\Windows\System32\OpenSSH\;C:\Program Files\Microsoft VS Code\bin;C:\Program Files\Git\cmd;C:\Program Files\nodejs\;C:\Program Files\Microsoft SQL Server\150\Tools\Binn\;C:\Program Files (x86)\Windows Kits\10\Windows Performance Toolkit\;C:\Users\warfa\AppData\Local\Packages\PythonSoftwareFoundation.Python.3.9_qbz5n2kfra8p0\LocalCache\local-packages\Python39\Scripts;C:\Program Files\Docker\Docker\resources\bin;C:\Program Files\CMake\bin;C:\Program Files\PostgreSQL\17\bin;C:\Tools\microsoft-vcpkg-b322364;C:\Program Files\MySQL\MySQL Shell 8.0\bin\;C:\Users\warfa\AppData\Local\Programs\Python\Python310\Scripts\;C:\Users\warfa\AppData\Local\Programs\Python\Python310\;C:\Users\warfa\AppData\Local\Programs\Python\Python312\Scripts\;C:\Users\warfa\AppData\Local\Programs\Python\Python312\;C:\Users\warfa\AppData\Local\Microsoft\WindowsApps;C:\Users\warfa\AppData\Roaming\npm;C:\Users\warfa\AppData\Local\Microsoft\WinGet\Packages\miurahr.aqtinstall_Microsoft.Winget.Source_8wekyb3d8bbwe" "gcc -o conftest.exe -IC:/Ruby33-x64/include/ruby-3.3.0/x64-mingw-ucrt -IC:/Ruby33-x64/include/ruby-3.3.0/ruby/backward -IC:/Ruby33-x64/include/ruby-3.3.0 -I.  -DFD_SETSIZE=2048 -D_WIN32_WINNT=0x0600 -D__MINGW_USE_VC2005_COMPAT -D_FILE_OFFSET_BITS=64  -O3 -fno-fast-math -fstack-protector-strong -fstack-protector-strong -D_FORTIFY_SOURCE=2 conftest.c  -L. -LC:/Ruby33-x64/lib -L. -pipe -s -fstack-protector-strong -Wl,--no-as-needed -fstack-protector-strong -l:libssp.a    -lssp  -lx64-ucrt-ruby330 -llibcrypto -lssp  -lshell32 -lws2_32 -liphlpapi -limagehlp -lshlwapi -lbcrypt  "
conftest.c: In function 't':
conftest.c:17:57: error: 'BIO_read' undeclared (first use in this function); did you mean '_read'?
   17 | int t(void) { void ((*volatile p)()); p = (void ((*)()))BIO_read; return !p; }
      |                                                         ^~~~~~~~
      |                                                         _read
conftest.c:17:57: note: each undeclared identifier is reported only once for each function it appears in
checked program was:
/* begin */
 1: #include "ruby.h"
 2: 
 3: #include <winsock2.h>
 4: #include <windows.h>
 5: 
 6: /*top*/
 7: extern int t(void);
 8: int main(int argc, char **argv)
 9: {
10:   if (argc > 1000000) {
11:     int (* volatile tp)(void)=(int (*)(void))&t;
12:     printf("%d", (*tp)());
13:   }
14: 
15:   return !!argv[argc];
16: }
17: int t(void) { void ((*volatile p)()); p = (void ((*)()))BIO_read; return !p; }
/* end */

PATH=".;C:/Ruby33-x64/lib;C:\Ruby33-x64\bin;C:\Ruby33-x64\msys64\ucrt64\bin;C:\Ruby33-x64\msys64\usr\bin;C:\Ruby33-x64\bin;C:\Program Files (x86)\Embarcadero\Studio\23.0\bin;C:\Users\Public\Documents\Embarcadero\Studio\23.0\Bpl;C:\Program Files (x86)\Embarcadero\Studio\23.0\bin64;C:\Users\Public\Documents\Embarcadero\Studio\23.0\Bpl\Win64;C:\Windows\system32;C:\Windows;C:\Windows\System32\Wbem;C:\Windows\System32\WindowsPowerShell\v1.0\;C:\Windows\System32\OpenSSH\;C:\Program Files\Microsoft VS Code\bin;C:\Program Files\Git\cmd;C:\Program Files\nodejs\;C:\Program Files\Microsoft SQL Server\150\Tools\Binn\;C:\Program Files (x86)\Windows Kits\10\Windows Performance Toolkit\;C:\Users\warfa\AppData\Local\Packages\PythonSoftwareFoundation.Python.3.9_qbz5n2kfra8p0\LocalCache\local-packages\Python39\Scripts;C:\Program Files\Docker\Docker\resources\bin;C:\Program Files\CMake\bin;C:\Program Files\PostgreSQL\17\bin;C:\Tools\microsoft-vcpkg-b322364;C:\Program Files\MySQL\MySQL Shell 8.0\bin\;C:\Users\warfa\AppData\Local\Programs\Python\Python310\Scripts\;C:\Users\warfa\AppData\Local\Programs\Python\Python310\;C:\Users\warfa\AppData\Local\Programs\Python\Python312\Scripts\;C:\Users\warfa\AppData\Local\Programs\Python\Python312\;C:\Users\warfa\AppData\Local\Microsoft\WindowsApps;C:\Users\warfa\AppData\Roaming\npm;C:\Users\warfa\AppData\Local\Microsoft\WinGet\Packages\miurahr.aqtinstall_Microsoft.Winget.Source_8wekyb3d8bbwe" "gcc -o conftest.exe -IC:/Ruby33-x64/include/ruby-3.3.0/x64-mingw-ucrt -IC:/Ruby33-x64/include/ruby-3.3.0/ruby/backward -IC:/Ruby33-x64/include/ruby-3.3.0 -I.  -DFD_SETSIZE=2048 -D_WIN32_WINNT=0x0600 -D__MINGW_USE_VC2005_COMPAT -D_FILE_OFFSET_BITS=64  -O3 -fno-fast-math -fstack-protector-strong -fstack-protector-strong -D_FORTIFY_SOURCE=2 conftest.c  -L. -LC:/Ruby33-x64/lib -L. -pipe -s -fstack-protector-strong -Wl,--no-as-needed -fstack-protector-strong -l:libssp.a    -lssp  -lx64-ucrt-ruby330 -llibcrypto -lssp  -lshell32 -lws2_32 -liphlpapi -limagehlp -lshlwapi -lbcrypt  "
C:/Ruby33-x64/msys64/ucrt64/bin/../lib/gcc/x86_64-w64-mingw32/14.2.0/../../../../x86_64-w64-mingw32/bin/ld.exe: cannot find -llibcrypto: No such file or directory
collect2.exe: error: ld returned 1 exit status
checked program was:
/* begin */
 1: #include "ruby.h"
 2: 
 3: #include <winsock2.h>
 4: #include <windows.h>
 5: 
 6: /*top*/
 7: extern int t(void);
 8: int main(int argc, char **argv)
 9: {
10:   if (argc > 1000000) {
11:     int (* volatile tp)(void)=(int (*)(void))&t;
12:     printf("%d", (*tp)());
13:   }
14: 
15:   return !!argv[argc];
16: }
17: extern void BIO_read();
18: int t(void) { BIO_read(); return 0; }
/* end */

--------------------

have_library: checking for BIO_read() in -lcrypto... -------------------- no

PATH=".;C:/Ruby33-x64/lib;C:\Ruby33-x64\bin;C:\Ruby33-x64\msys64\ucrt64\bin;C:\Ruby33-x64\msys64\usr\bin;C:\Ruby33-x64\bin;C:\Program Files (x86)\Embarcadero\Studio\23.0\bin;C:\Users\Public\Documents\Embarcadero\Studio\23.0\Bpl;C:\Program Files (x86)\Embarcadero\Studio\23.0\bin64;C:\Users\Public\Documents\Embarcadero\Studio\23.0\Bpl\Win64;C:\Windows\system32;C:\Windows;C:\Windows\System32\Wbem;C:\Windows\System32\WindowsPowerShell\v1.0\;C:\Windows\System32\OpenSSH\;C:\Program Files\Microsoft VS Code\bin;C:\Program Files\Git\cmd;C:\Program Files\nodejs\;C:\Program Files\Microsoft SQL Server\150\Tools\Binn\;C:\Program Files (x86)\Windows Kits\10\Windows Performance Toolkit\;C:\Users\warfa\AppData\Local\Packages\PythonSoftwareFoundation.Python.3.9_qbz5n2kfra8p0\LocalCache\local-packages\Python39\Scripts;C:\Program Files\Docker\Docker\resources\bin;C:\Program Files\CMake\bin;C:\Program Files\PostgreSQL\17\bin;C:\Tools\microsoft-vcpkg-b322364;C:\Program Files\MySQL\MySQL Shell 8.0\bin\;C:\Users\warfa\AppData\Local\Programs\Python\Python310\Scripts\;C:\Users\warfa\AppData\Local\Programs\Python\Python310\;C:\Users\warfa\AppData\Local\Programs\Python\Python312\Scripts\;C:\Users\warfa\AppData\Local\Programs\Python\Python312\;C:\Users\warfa\AppData\Local\Microsoft\WindowsApps;C:\Users\warfa\AppData\Roaming\npm;C:\Users\warfa\AppData\Local\Microsoft\WinGet\Packages\miurahr.aqtinstall_Microsoft.Winget.Source_8wekyb3d8bbwe" "gcc -o conftest.exe -IC:/Ruby33-x64/include/ruby-3.3.0/x64-mingw-ucrt -IC:/Ruby33-x64/include/ruby-3.3.0/ruby/backward -IC:/Ruby33-x64/include/ruby-3.3.0 -I.  -DFD_SETSIZE=2048 -D_WIN32_WINNT=0x0600 -D__MINGW_USE_VC2005_COMPAT -D_FILE_OFFSET_BITS=64  -O3 -fno-fast-math -fstack-protector-strong -fstack-protector-strong -D_FORTIFY_SOURCE=2 conftest.c  -L. -LC:/Ruby33-x64/lib -L. -pipe -s -fstack-protector-strong -Wl,--no-as-needed -fstack-protector-strong -l:libssp.a    -lssp  -lx64-ucrt-ruby330 -lcrypto -lssp  -lshell32 -lws2_32 -liphlpapi -limagehlp -lshlwapi -lbcrypt  "
conftest.c: In function 't':
conftest.c:17:57: error: 'BIO_read' undeclared (first use in this function); did you mean '_read'?
   17 | int t(void) { void ((*volatile p)()); p = (void ((*)()))BIO_read; return !p; }
      |                                                         ^~~~~~~~
      |                                                         _read
conftest.c:17:57: note: each undeclared identifier is reported only once for each function it appears in
checked program was:
/* begin */
 1: #include "ruby.h"
 2: 
 3: #include <winsock2.h>
 4: #include <windows.h>
 5: 
 6: /*top*/
 7: extern int t(void);
 8: int main(int argc, char **argv)
 9: {
10:   if (argc > 1000000) {
11:     int (* volatile tp)(void)=(int (*)(void))&t;
12:     printf("%d", (*tp)());
13:   }
14: 
15:   return !!argv[argc];
16: }
17: int t(void) { void ((*volatile p)()); p = (void ((*)()))BIO_read; return !p; }
/* end */

PATH=".;C:/Ruby33-x64/lib;C:\Ruby33-x64\bin;C:\Ruby33-x64\msys64\ucrt64\bin;C:\Ruby33-x64\msys64\usr\bin;C:\Ruby33-x64\bin;C:\Program Files (x86)\Embarcadero\Studio\23.0\bin;C:\Users\Public\Documents\Embarcadero\Studio\23.0\Bpl;C:\Program Files (x86)\Embarcadero\Studio\23.0\bin64;C:\Users\Public\Documents\Embarcadero\Studio\23.0\Bpl\Win64;C:\Windows\system32;C:\Windows;C:\Windows\System32\Wbem;C:\Windows\System32\WindowsPowerShell\v1.0\;C:\Windows\System32\OpenSSH\;C:\Program Files\Microsoft VS Code\bin;C:\Program Files\Git\cmd;C:\Program Files\nodejs\;C:\Program Files\Microsoft SQL Server\150\Tools\Binn\;C:\Program Files (x86)\Windows Kits\10\Windows Performance Toolkit\;C:\Users\warfa\AppData\Local\Packages\PythonSoftwareFoundation.Python.3.9_qbz5n2kfra8p0\LocalCache\local-packages\Python39\Scripts;C:\Program Files\Docker\Docker\resources\bin;C:\Program Files\CMake\bin;C:\Program Files\PostgreSQL\17\bin;C:\Tools\microsoft-vcpkg-b322364;C:\Program Files\MySQL\MySQL Shell 8.0\bin\;C:\Users\warfa\AppData\Local\Programs\Python\Python310\Scripts\;C:\Users\warfa\AppData\Local\Programs\Python\Python310\;C:\Users\warfa\AppData\Local\Programs\Python\Python312\Scripts\;C:\Users\warfa\AppData\Local\Programs\Python\Python312\;C:\Users\warfa\AppData\Local\Microsoft\WindowsApps;C:\Users\warfa\AppData\Roaming\npm;C:\Users\warfa\AppData\Local\Microsoft\WinGet\Packages\miurahr.aqtinstall_Microsoft.Winget.Source_8wekyb3d8bbwe" "gcc -o conftest.exe -IC:/Ruby33-x64/include/ruby-3.3.0/x64-mingw-ucrt -IC:/Ruby33-x64/include/ruby-3.3.0/ruby/backward -IC:/Ruby33-x64/include/ruby-3.3.0 -I.  -DFD_SETSIZE=2048 -D_WIN32_WINNT=0x0600 -D__MINGW_USE_VC2005_COMPAT -D_FILE_OFFSET_BITS=64  -O3 -fno-fast-math -fstack-protector-strong -fstack-protector-strong -D_FORTIFY_SOURCE=2 conftest.c  -L. -LC:/Ruby33-x64/lib -L. -pipe -s -fstack-protector-strong -Wl,--no-as-needed -fstack-protector-strong -l:libssp.a    -lssp  -lx64-ucrt-ruby330 -lcrypto -lssp  -lshell32 -lws2_32 -liphlpapi -limagehlp -lshlwapi -lbcrypt  "
C:/Ruby33-x64/msys64/ucrt64/bin/../lib/gcc/x86_64-w64-mingw32/14.2.0/../../../../x86_64-w64-mingw32/bin/ld.exe: cannot find -lcrypto: No such file or directory
collect2.exe: error: ld returned 1 exit status
checked program was:
/* begin */
 1: #include "ruby.h"
 2: 
 3: #include <winsock2.h>
 4: #include <windows.h>
 5: 
 6: /*top*/
 7: extern int t(void);
 8: int main(int argc, char **argv)
 9: {
10:   if (argc > 1000000) {
11:     int (* volatile tp)(void)=(int (*)(void))&t;
12:     printf("%d", (*tp)());
13:   }
14: 
15:   return !!argv[argc];
16: }
17: extern void BIO_read();
18: int t(void) { BIO_read(); return 0; }
/* end */

--------------------

have_library: checking for BIO_read() in -llibeay32... -------------------- no

PATH=".;C:/Ruby33-x64/lib;C:\Ruby33-x64\bin;C:\Ruby33-x64\msys64\ucrt64\bin;C:\Ruby33-x64\msys64\usr\bin;C:\Ruby33-x64\bin;C:\Program Files (x86)\Embarcadero\Studio\23.0\bin;C:\Users\Public\Documents\Embarcadero\Studio\23.0\Bpl;C:\Program Files (x86)\Embarcadero\Studio\23.0\bin64;C:\Users\Public\Documents\Embarcadero\Studio\23.0\Bpl\Win64;C:\Windows\system32;C:\Windows;C:\Windows\System32\Wbem;C:\Windows\System32\WindowsPowerShell\v1.0\;C:\Windows\System32\OpenSSH\;C:\Program Files\Microsoft VS Code\bin;C:\Program Files\Git\cmd;C:\Program Files\nodejs\;C:\Program Files\Microsoft SQL Server\150\Tools\Binn\;C:\Program Files (x86)\Windows Kits\10\Windows Performance Toolkit\;C:\Users\warfa\AppData\Local\Packages\PythonSoftwareFoundation.Python.3.9_qbz5n2kfra8p0\LocalCache\local-packages\Python39\Scripts;C:\Program Files\Docker\Docker\resources\bin;C:\Program Files\CMake\bin;C:\Program Files\PostgreSQL\17\bin;C:\Tools\microsoft-vcpkg-b322364;C:\Program Files\MySQL\MySQL Shell 8.0\bin\;C:\Users\warfa\AppData\Local\Programs\Python\Python310\Scripts\;C:\Users\warfa\AppData\Local\Programs\Python\Python310\;C:\Users\warfa\AppData\Local\Programs\Python\Python312\Scripts\;C:\Users\warfa\AppData\Local\Programs\Python\Python312\;C:\Users\warfa\AppData\Local\Microsoft\WindowsApps;C:\Users\warfa\AppData\Roaming\npm;C:\Users\warfa\AppData\Local\Microsoft\WinGet\Packages\miurahr.aqtinstall_Microsoft.Winget.Source_8wekyb3d8bbwe" "gcc -o conftest.exe -IC:/Ruby33-x64/include/ruby-3.3.0/x64-mingw-ucrt -IC:/Ruby33-x64/include/ruby-3.3.0/ruby/backward -IC:/Ruby33-x64/include/ruby-3.3.0 -I.  -DFD_SETSIZE=2048 -D_WIN32_WINNT=0x0600 -D__MINGW_USE_VC2005_COMPAT -D_FILE_OFFSET_BITS=64  -O3 -fno-fast-math -fstack-protector-strong -fstack-protector-strong -D_FORTIFY_SOURCE=2 conftest.c  -L. -LC:/Ruby33-x64/lib -L. -pipe -s -fstack-protector-strong -Wl,--no-as-needed -fstack-protector-strong -l:libssp.a    -lssp  -lx64-ucrt-ruby330 -llibeay32 -lssp  -lshell32 -lws2_32 -liphlpapi -limagehlp -lshlwapi -lbcrypt  "
conftest.c: In function 't':
conftest.c:17:57: error: 'BIO_read' undeclared (first use in this function); did you mean '_read'?
   17 | int t(void) { void ((*volatile p)()); p = (void ((*)()))BIO_read; return !p; }
      |                                                         ^~~~~~~~
      |                                                         _read
conftest.c:17:57: note: each undeclared identifier is reported only once for each function it appears in
checked program was:
/* begin */
 1: #include "ruby.h"
 2: 
 3: #include <winsock2.h>
 4: #include <windows.h>
 5: 
 6: /*top*/
 7: extern int t(void);
 8: int main(int argc, char **argv)
 9: {
10:   if (argc > 1000000) {
11:     int (* volatile tp)(void)=(int (*)(void))&t;
12:     printf("%d", (*tp)());
13:   }
14: 
15:   return !!argv[argc];
16: }
17: int t(void) { void ((*volatile p)()); p = (void ((*)()))BIO_read; return !p; }
/* end */

PATH=".;C:/Ruby33-x64/lib;C:\Ruby33-x64\bin;C:\Ruby33-x64\msys64\ucrt64\bin;C:\Ruby33-x64\msys64\usr\bin;C:\Ruby33-x64\bin;C:\Program Files (x86)\Embarcadero\Studio\23.0\bin;C:\Users\Public\Documents\Embarcadero\Studio\23.0\Bpl;C:\Program Files (x86)\Embarcadero\Studio\23.0\bin64;C:\Users\Public\Documents\Embarcadero\Studio\23.0\Bpl\Win64;C:\Windows\system32;C:\Windows;C:\Windows\System32\Wbem;C:\Windows\System32\WindowsPowerShell\v1.0\;C:\Windows\System32\OpenSSH\;C:\Program Files\Microsoft VS Code\bin;C:\Program Files\Git\cmd;C:\Program Files\nodejs\;C:\Program Files\Microsoft SQL Server\150\Tools\Binn\;C:\Program Files (x86)\Windows Kits\10\Windows Performance Toolkit\;C:\Users\warfa\AppData\Local\Packages\PythonSoftwareFoundation.Python.3.9_qbz5n2kfra8p0\LocalCache\local-packages\Python39\Scripts;C:\Program Files\Docker\Docker\resources\bin;C:\Program Files\CMake\bin;C:\Program Files\PostgreSQL\17\bin;C:\Tools\microsoft-vcpkg-b322364;C:\Program Files\MySQL\MySQL Shell 8.0\bin\;C:\Users\warfa\AppData\Local\Programs\Python\Python310\Scripts\;C:\Users\warfa\AppData\Local\Programs\Python\Python310\;C:\Users\warfa\AppData\Local\Programs\Python\Python312\Scripts\;C:\Users\warfa\AppData\Local\Programs\Python\Python312\;C:\Users\warfa\AppData\Local\Microsoft\WindowsApps;C:\Users\warfa\AppData\Roaming\npm;C:\Users\warfa\AppData\Local\Microsoft\WinGet\Packages\miurahr.aqtinstall_Microsoft.Winget.Source_8wekyb3d8bbwe" "gcc -o conftest.exe -IC:/Ruby33-x64/include/ruby-3.3.0/x64-mingw-ucrt -IC:/Ruby33-x64/include/ruby-3.3.0/ruby/backward -IC:/Ruby33-x64/include/ruby-3.3.0 -I.  -DFD_SETSIZE=2048 -D_WIN32_WINNT=0x0600 -D__MINGW_USE_VC2005_COMPAT -D_FILE_OFFSET_BITS=64  -O3 -fno-fast-math -fstack-protector-strong -fstack-protector-strong -D_FORTIFY_SOURCE=2 conftest.c  -L. -LC:/Ruby33-x64/lib -L. -pipe -s -fstack-protector-strong -Wl,--no-as-needed -fstack-protector-strong -l:libssp.a    -lssp  -lx64-ucrt-ruby330 -llibeay32 -lssp  -lshell32 -lws2_32 -liphlpapi -limagehlp -lshlwapi -lbcrypt  "
C:/Ruby33-x64/msys64/ucrt64/bin/../lib/gcc/x86_64-w64-mingw32/14.2.0/../../../../x86_64-w64-mingw32/bin/ld.exe: cannot find -llibeay32: No such file or directory
collect2.exe: error: ld returned 1 exit status
checked program was:
/* begin */
 1: #include "ruby.h"
 2: 
 3: #include <winsock2.h>
 4: #include <windows.h>
 5: 
 6: /*top*/
 7: extern int t(void);
 8: int main(int argc, char **argv)
 9: {
10:   if (argc > 1000000) {
11:     int (* volatile tp)(void)=(int (*)(void))&t;
12:     printf("%d", (*tp)());
13:   }
14: 
15:   return !!argv[argc];
16: }
17: extern void BIO_read();
18: int t(void) { BIO_read(); return 0; }
/* end */

--------------------

